Info 0    [13:46:05.094] Starting TS Server
Info 1    [13:46:05.096] Version: 4.9.3
Info 2    [13:46:05.096] Arguments: /opt/homebrew/Cellar/node/18.9.1/bin/node /opt/homebrew/lib/node_modules/typescript/lib/tsserver.js --logFile /Users/andrzejfricze/jotai-todos/.log/tsserver.log --logVerbosity info --cancellationPipeName /private/var/folders/1x/9v0d74f937n89q64b7nt08dr0000gn/T/ed3fd5fd9bf6378c6a7aadb2f4bd49c4/tscancellation*
Info 3    [13:46:05.096] Platform: darwin NodeVersion: 18 CaseSensitive: false
Info 4    [13:46:05.096] ServerMode: undefined syntaxOnly: false hasUnknownServerMode: undefined
Info 5    [13:46:05.102] Format host information updated
Info 6    [13:46:05.106] Search path: /Users/andrzejfricze/jotai-todos/src
Info 7    [13:46:05.107] For info: /Users/andrzejfricze/jotai-todos/src/App.tsx :: Config file name: /Users/andrzejfricze/jotai-todos/tsconfig.json
Info 8    [13:46:05.107] Creating configuration project /Users/andrzejfricze/jotai-todos/tsconfig.json
Info 9    [13:46:05.117] Config: /Users/andrzejfricze/jotai-todos/tsconfig.json : {
 "rootNames": [
  "/Users/andrzejfricze/jotai-todos/src/App.tsx",
  "/Users/andrzejfricze/jotai-todos/src/index.tsx",
  "/Users/andrzejfricze/jotai-todos/src/react-app-env.d.ts"
 ],
 "options": {
  "target": 6,
  "strict": true,
  "esModuleInterop": true,
  "allowSyntheticDefaultImports": true,
  "moduleResolution": 2,
  "lib": [
   "lib.dom.d.ts",
   "lib.dom.iterable.d.ts",
   "lib.esnext.d.ts"
  ],
  "jsx": 4,
  "allowJs": true,
  "skipLibCheck": true,
  "forceConsistentCasingInFileNames": true,
  "noFallthroughCasesInSwitch": true,
  "module": 99,
  "resolveJsonModule": true,
  "isolatedModules": true,
  "noEmit": true,
  "configFilePath": "/Users/andrzejfricze/jotai-todos/tsconfig.json"
 }
}
Info 10   [13:46:05.136] Starting updateGraphWorker: Project: /Users/andrzejfricze/jotai-todos/tsconfig.json
Info 11   [13:46:06.480] Finishing updateGraphWorker: Project: /Users/andrzejfricze/jotai-todos/tsconfig.json Version: 1 structureChanged: true structureIsReused:: Not Elapsed: 1344.4612078666687ms
Info 12   [13:46:06.480] Project '/Users/andrzejfricze/jotai-todos/tsconfig.json' (Configured)
Info 13   [13:46:06.480] 	Files (1329)

Info 14   [13:46:06.480] -----------------------------------------------
Info 15   [13:46:06.488] AutoImportProviderProject: found 2 root files in 2 dependencies in 5.258625030517578 ms
Info 16   [13:46:06.489] Starting updateGraphWorker: Project: /dev/null/autoImportProviderProject1*
Info 17   [13:46:06.830] Finishing updateGraphWorker: Project: /dev/null/autoImportProviderProject1* Version: 1 structureChanged: true structureIsReused:: Not Elapsed: 340.9742081165314ms
Info 18   [13:46:06.830] Project '/dev/null/autoImportProviderProject1*' (AutoImportProvider)
Info 19   [13:46:06.830] 	Files (152)

Info 20   [13:46:06.830] -----------------------------------------------
Info 21   [13:46:06.924] DirectoryWatcher:: Triggered with /users/andrzejfricze/jotai-todos/src/.#App.tsx :: WatchInfo: /users/andrzejfricze/jotai-todos/src 1 undefined Config: /Users/andrzejfricze/jotai-todos/tsconfig.json WatchType: Wild card directory
Info 22   [13:46:06.924] Project: /Users/andrzejfricze/jotai-todos/tsconfig.json Detected ignored path: /users/andrzejfricze/jotai-todos/src/.#App.tsx
Info 23   [13:46:06.924] Elapsed:: 0.3157081604003906ms DirectoryWatcher:: Triggered with /users/andrzejfricze/jotai-todos/src/.#App.tsx :: WatchInfo: /users/andrzejfricze/jotai-todos/src 1 undefined Config: /Users/andrzejfricze/jotai-todos/tsconfig.json WatchType: Wild card directory
Info 24   [13:46:06.924] DirectoryWatcher:: Triggered with /Users/andrzejfricze/jotai-todos/src/.#App.tsx :: WatchInfo: /Users/andrzejfricze/jotai-todos/src 1 undefined Project: /Users/andrzejfricze/jotai-todos/tsconfig.json WatchType: Failed Lookup Locations
Info 25   [13:46:06.924] Elapsed:: 0.07929110527038574ms DirectoryWatcher:: Triggered with /Users/andrzejfricze/jotai-todos/src/.#App.tsx :: WatchInfo: /Users/andrzejfricze/jotai-todos/src 1 undefined Project: /Users/andrzejfricze/jotai-todos/tsconfig.json WatchType: Failed Lookup Locations
Info 26   [13:46:06.924] DirectoryWatcher:: Triggered with /users/andrzejfricze/jotai-todos/node_modules/.cache/babel-loader/c62ab195ce7543fa400f41d79c1d3031.json :: WatchInfo: /users/andrzejfricze/jotai-todos/node_modules 1 undefined WatchType: node_modules for closed script infos and package.jsons affecting module specifier cache
Info 27   [13:46:06.925] Elapsed:: 0.04229092597961426ms DirectoryWatcher:: Triggered with /users/andrzejfricze/jotai-todos/node_modules/.cache/babel-loader/c62ab195ce7543fa400f41d79c1d3031.json :: WatchInfo: /users/andrzejfricze/jotai-todos/node_modules 1 undefined WatchType: node_modules for closed script infos and package.jsons affecting module specifier cache
Info 28   [13:46:06.925] DirectoryWatcher:: Triggered with /Users/andrzejfricze/jotai-todos/node_modules/.cache/babel-loader/c62ab195ce7543fa400f41d79c1d3031.json :: WatchInfo: /Users/andrzejfricze/jotai-todos/node_modules 1 undefined Project: /Users/andrzejfricze/jotai-todos/tsconfig.json WatchType: Failed Lookup Locations
Info 29   [13:46:06.925] Elapsed:: 0.008249998092651367ms DirectoryWatcher:: Triggered with /Users/andrzejfricze/jotai-todos/node_modules/.cache/babel-loader/c62ab195ce7543fa400f41d79c1d3031.json :: WatchInfo: /Users/andrzejfricze/jotai-todos/node_modules 1 undefined Project: /Users/andrzejfricze/jotai-todos/tsconfig.json WatchType: Failed Lookup Locations
Info 30   [13:46:06.925] DirectoryWatcher:: Triggered with /users/andrzejfricze/jotai-todos/node_modules/.cache/babel-loader/fcc3136a30c10920c479670bd4060f08.json :: WatchInfo: /users/andrzejfricze/jotai-todos/node_modules 1 undefined WatchType: node_modules for closed script infos and package.jsons affecting module specifier cache
Info 31   [13:46:06.925] Elapsed:: 0.003749847412109375ms DirectoryWatcher:: Triggered with /users/andrzejfricze/jotai-todos/node_modules/.cache/babel-loader/fcc3136a30c10920c479670bd4060f08.json :: WatchInfo: /users/andrzejfricze/jotai-todos/node_modules 1 undefined WatchType: node_modules for closed script infos and package.jsons affecting module specifier cache
Info 32   [13:46:06.925] DirectoryWatcher:: Triggered with /Users/andrzejfricze/jotai-todos/node_modules/.cache/babel-loader/fcc3136a30c10920c479670bd4060f08.json :: WatchInfo: /Users/andrzejfricze/jotai-todos/node_modules 1 undefined Project: /Users/andrzejfricze/jotai-todos/tsconfig.json WatchType: Failed Lookup Locations
Info 33   [13:46:06.925] Elapsed:: 0.004707813262939453ms DirectoryWatcher:: Triggered with /Users/andrzejfricze/jotai-todos/node_modules/.cache/babel-loader/fcc3136a30c10920c479670bd4060f08.json :: WatchInfo: /Users/andrzejfricze/jotai-todos/node_modules 1 undefined Project: /Users/andrzejfricze/jotai-todos/tsconfig.json WatchType: Failed Lookup Locations
Info 34   [13:46:25.726] DirectoryWatcher:: Triggered with /users/andrzejfricze/jotai-todos/src/.#App.tsx :: WatchInfo: /users/andrzejfricze/jotai-todos/src 1 undefined Config: /Users/andrzejfricze/jotai-todos/tsconfig.json WatchType: Wild card directory
Info 35   [13:46:25.727] Project: /Users/andrzejfricze/jotai-todos/tsconfig.json Detected ignored path: /users/andrzejfricze/jotai-todos/src/.#App.tsx
Info 36   [13:46:25.728] Elapsed:: 0.3857908248901367ms DirectoryWatcher:: Triggered with /users/andrzejfricze/jotai-todos/src/.#App.tsx :: WatchInfo: /users/andrzejfricze/jotai-todos/src 1 undefined Config: /Users/andrzejfricze/jotai-todos/tsconfig.json WatchType: Wild card directory
Info 37   [13:46:25.728] DirectoryWatcher:: Triggered with /Users/andrzejfricze/jotai-todos/src/.#App.tsx :: WatchInfo: /Users/andrzejfricze/jotai-todos/src 1 undefined Project: /Users/andrzejfricze/jotai-todos/tsconfig.json WatchType: Failed Lookup Locations
Info 38   [13:46:25.728] Elapsed:: 0.09616708755493164ms DirectoryWatcher:: Triggered with /Users/andrzejfricze/jotai-todos/src/.#App.tsx :: WatchInfo: /Users/andrzejfricze/jotai-todos/src 1 undefined Project: /Users/andrzejfricze/jotai-todos/tsconfig.json WatchType: Failed Lookup Locations
Info 39   [13:46:25.819] Starting updateGraphWorker: Project: /Users/andrzejfricze/jotai-todos/tsconfig.json
Info 40   [13:46:25.872] Finishing updateGraphWorker: Project: /Users/andrzejfricze/jotai-todos/tsconfig.json Version: 2 structureChanged: false structureIsReused:: Completely Elapsed: 52.22645807266235ms
Info 41   [13:46:25.872] Different program with same set of files
Info 42   [13:46:26.580] DirectoryWatcher:: Triggered with /users/andrzejfricze/jotai-todos/src/.#App.tsx :: WatchInfo: /users/andrzejfricze/jotai-todos/src 1 undefined Config: /Users/andrzejfricze/jotai-todos/tsconfig.json WatchType: Wild card directory
Info 43   [13:46:26.580] Project: /Users/andrzejfricze/jotai-todos/tsconfig.json Detected ignored path: /users/andrzejfricze/jotai-todos/src/.#App.tsx
Info 44   [13:46:26.580] Elapsed:: 0.1367499828338623ms DirectoryWatcher:: Triggered with /users/andrzejfricze/jotai-todos/src/.#App.tsx :: WatchInfo: /users/andrzejfricze/jotai-todos/src 1 undefined Config: /Users/andrzejfricze/jotai-todos/tsconfig.json WatchType: Wild card directory
Info 45   [13:46:26.580] DirectoryWatcher:: Triggered with /Users/andrzejfricze/jotai-todos/src/.#App.tsx :: WatchInfo: /Users/andrzejfricze/jotai-todos/src 1 undefined Project: /Users/andrzejfricze/jotai-todos/tsconfig.json WatchType: Failed Lookup Locations
Info 46   [13:46:26.580] Elapsed:: 0.024916887283325195ms DirectoryWatcher:: Triggered with /Users/andrzejfricze/jotai-todos/src/.#App.tsx :: WatchInfo: /Users/andrzejfricze/jotai-todos/src 1 undefined Project: /Users/andrzejfricze/jotai-todos/tsconfig.json WatchType: Failed Lookup Locations
Info 47   [13:46:26.580] DirectoryWatcher:: Triggered with /users/andrzejfricze/jotai-todos/node_modules/.cache/babel-loader/0fd80b53339b4ad8a3512984e2ff0f6c.json :: WatchInfo: /users/andrzejfricze/jotai-todos/node_modules 1 undefined WatchType: node_modules for closed script infos and package.jsons affecting module specifier cache
Info 48   [13:46:26.580] Elapsed:: 0.04387497901916504ms DirectoryWatcher:: Triggered with /users/andrzejfricze/jotai-todos/node_modules/.cache/babel-loader/0fd80b53339b4ad8a3512984e2ff0f6c.json :: WatchInfo: /users/andrzejfricze/jotai-todos/node_modules 1 undefined WatchType: node_modules for closed script infos and package.jsons affecting module specifier cache
Info 49   [13:46:26.580] DirectoryWatcher:: Triggered with /Users/andrzejfricze/jotai-todos/node_modules/.cache/babel-loader/0fd80b53339b4ad8a3512984e2ff0f6c.json :: WatchInfo: /Users/andrzejfricze/jotai-todos/node_modules 1 undefined Project: /Users/andrzejfricze/jotai-todos/tsconfig.json WatchType: Failed Lookup Locations
Info 50   [13:46:26.580] Elapsed:: 0.008083105087280273ms DirectoryWatcher:: Triggered with /Users/andrzejfricze/jotai-todos/node_modules/.cache/babel-loader/0fd80b53339b4ad8a3512984e2ff0f6c.json :: WatchInfo: /Users/andrzejfricze/jotai-todos/node_modules 1 undefined Project: /Users/andrzejfricze/jotai-todos/tsconfig.json WatchType: Failed Lookup Locations
Info 51   [13:47:27.630] Starting updateGraphWorker: Project: /Users/andrzejfricze/jotai-todos/tsconfig.json
Info 52   [13:47:27.677] Finishing updateGraphWorker: Project: /Users/andrzejfricze/jotai-todos/tsconfig.json Version: 3 structureChanged: false structureIsReused:: Completely Elapsed: 46.95966696739197ms
Info 53   [13:47:27.677] Different program with same set of files
Info 54   [13:47:28.288] DirectoryWatcher:: Triggered with /users/andrzejfricze/jotai-todos/src/.#App.tsx :: WatchInfo: /users/andrzejfricze/jotai-todos/src 1 undefined Config: /Users/andrzejfricze/jotai-todos/tsconfig.json WatchType: Wild card directory
Info 55   [13:47:28.288] Project: /Users/andrzejfricze/jotai-todos/tsconfig.json Detected ignored path: /users/andrzejfricze/jotai-todos/src/.#App.tsx
Info 56   [13:47:28.288] Elapsed:: 0.18337512016296387ms DirectoryWatcher:: Triggered with /users/andrzejfricze/jotai-todos/src/.#App.tsx :: WatchInfo: /users/andrzejfricze/jotai-todos/src 1 undefined Config: /Users/andrzejfricze/jotai-todos/tsconfig.json WatchType: Wild card directory
Info 57   [13:47:28.288] DirectoryWatcher:: Triggered with /Users/andrzejfricze/jotai-todos/src/.#App.tsx :: WatchInfo: /Users/andrzejfricze/jotai-todos/src 1 undefined Project: /Users/andrzejfricze/jotai-todos/tsconfig.json WatchType: Failed Lookup Locations
Info 58   [13:47:28.288] Elapsed:: 0.027125120162963867ms DirectoryWatcher:: Triggered with /Users/andrzejfricze/jotai-todos/src/.#App.tsx :: WatchInfo: /Users/andrzejfricze/jotai-todos/src 1 undefined Project: /Users/andrzejfricze/jotai-todos/tsconfig.json WatchType: Failed Lookup Locations
Info 59   [13:47:28.288] DirectoryWatcher:: Triggered with /users/andrzejfricze/jotai-todos/src/.#App.tsx :: WatchInfo: /users/andrzejfricze/jotai-todos/src 1 undefined Config: /Users/andrzejfricze/jotai-todos/tsconfig.json WatchType: Wild card directory
Info 60   [13:47:28.288] Project: /Users/andrzejfricze/jotai-todos/tsconfig.json Detected ignored path: /users/andrzejfricze/jotai-todos/src/.#App.tsx
Info 61   [13:47:28.288] Elapsed:: 0.032582998275756836ms DirectoryWatcher:: Triggered with /users/andrzejfricze/jotai-todos/src/.#App.tsx :: WatchInfo: /users/andrzejfricze/jotai-todos/src 1 undefined Config: /Users/andrzejfricze/jotai-todos/tsconfig.json WatchType: Wild card directory
Info 62   [13:47:28.288] DirectoryWatcher:: Triggered with /Users/andrzejfricze/jotai-todos/src/.#App.tsx :: WatchInfo: /Users/andrzejfricze/jotai-todos/src 1 undefined Project: /Users/andrzejfricze/jotai-todos/tsconfig.json WatchType: Failed Lookup Locations
Info 63   [13:47:28.289] Elapsed:: 0.10275006294250488ms DirectoryWatcher:: Triggered with /Users/andrzejfricze/jotai-todos/src/.#App.tsx :: WatchInfo: /Users/andrzejfricze/jotai-todos/src 1 undefined Project: /Users/andrzejfricze/jotai-todos/tsconfig.json WatchType: Failed Lookup Locations
Info 64   [13:47:28.290] DirectoryWatcher:: Triggered with /users/andrzejfricze/jotai-todos/node_modules/.cache/babel-loader/43931ce0e0d371ed222276b110f4c14b.json :: WatchInfo: /users/andrzejfricze/jotai-todos/node_modules 1 undefined WatchType: node_modules for closed script infos and package.jsons affecting module specifier cache
Info 65   [13:47:28.291] Elapsed:: 0.023082971572875977ms DirectoryWatcher:: Triggered with /users/andrzejfricze/jotai-todos/node_modules/.cache/babel-loader/43931ce0e0d371ed222276b110f4c14b.json :: WatchInfo: /users/andrzejfricze/jotai-todos/node_modules 1 undefined WatchType: node_modules for closed script infos and package.jsons affecting module specifier cache
Info 66   [13:47:28.291] DirectoryWatcher:: Triggered with /Users/andrzejfricze/jotai-todos/node_modules/.cache/babel-loader/43931ce0e0d371ed222276b110f4c14b.json :: WatchInfo: /Users/andrzejfricze/jotai-todos/node_modules 1 undefined Project: /Users/andrzejfricze/jotai-todos/tsconfig.json WatchType: Failed Lookup Locations
Info 67   [13:47:28.291] Elapsed:: 0.05195808410644531ms DirectoryWatcher:: Triggered with /Users/andrzejfricze/jotai-todos/node_modules/.cache/babel-loader/43931ce0e0d371ed222276b110f4c14b.json :: WatchInfo: /Users/andrzejfricze/jotai-todos/node_modules 1 undefined Project: /Users/andrzejfricze/jotai-todos/tsconfig.json WatchType: Failed Lookup Locations
Info 68   [13:47:36.903] DirectoryWatcher:: Triggered with /users/andrzejfricze/jotai-todos/src/.#App.tsx :: WatchInfo: /users/andrzejfricze/jotai-todos/src 1 undefined Config: /Users/andrzejfricze/jotai-todos/tsconfig.json WatchType: Wild card directory
Info 69   [13:47:36.904] Project: /Users/andrzejfricze/jotai-todos/tsconfig.json Detected ignored path: /users/andrzejfricze/jotai-todos/src/.#App.tsx
Info 70   [13:47:36.904] Elapsed:: 0.3330838680267334ms DirectoryWatcher:: Triggered with /users/andrzejfricze/jotai-todos/src/.#App.tsx :: WatchInfo: /users/andrzejfricze/jotai-todos/src 1 undefined Config: /Users/andrzejfricze/jotai-todos/tsconfig.json WatchType: Wild card directory
Info 71   [13:47:36.904] DirectoryWatcher:: Triggered with /Users/andrzejfricze/jotai-todos/src/.#App.tsx :: WatchInfo: /Users/andrzejfricze/jotai-todos/src 1 undefined Project: /Users/andrzejfricze/jotai-todos/tsconfig.json WatchType: Failed Lookup Locations
Info 72   [13:47:36.904] Elapsed:: 0.07587504386901855ms DirectoryWatcher:: Triggered with /Users/andrzejfricze/jotai-todos/src/.#App.tsx :: WatchInfo: /Users/andrzejfricze/jotai-todos/src 1 undefined Project: /Users/andrzejfricze/jotai-todos/tsconfig.json WatchType: Failed Lookup Locations
Info 73   [13:47:37.096] Starting updateGraphWorker: Project: /Users/andrzejfricze/jotai-todos/tsconfig.json
Info 74   [13:47:37.134] Finishing updateGraphWorker: Project: /Users/andrzejfricze/jotai-todos/tsconfig.json Version: 4 structureChanged: false structureIsReused:: Completely Elapsed: 37.66408395767212ms
Info 75   [13:47:37.135] Different program with same set of files
Info 76   [13:47:37.646] DirectoryWatcher:: Triggered with /users/andrzejfricze/jotai-todos/src/.#App.tsx :: WatchInfo: /users/andrzejfricze/jotai-todos/src 1 undefined Config: /Users/andrzejfricze/jotai-todos/tsconfig.json WatchType: Wild card directory
Info 77   [13:47:37.646] Project: /Users/andrzejfricze/jotai-todos/tsconfig.json Detected ignored path: /users/andrzejfricze/jotai-todos/src/.#App.tsx
Info 78   [13:47:37.646] Elapsed:: 0.09066605567932129ms DirectoryWatcher:: Triggered with /users/andrzejfricze/jotai-todos/src/.#App.tsx :: WatchInfo: /users/andrzejfricze/jotai-todos/src 1 undefined Config: /Users/andrzejfricze/jotai-todos/tsconfig.json WatchType: Wild card directory
Info 79   [13:47:37.646] DirectoryWatcher:: Triggered with /Users/andrzejfricze/jotai-todos/src/.#App.tsx :: WatchInfo: /Users/andrzejfricze/jotai-todos/src 1 undefined Project: /Users/andrzejfricze/jotai-todos/tsconfig.json WatchType: Failed Lookup Locations
Info 80   [13:47:37.646] Elapsed:: 0.018416881561279297ms DirectoryWatcher:: Triggered with /Users/andrzejfricze/jotai-todos/src/.#App.tsx :: WatchInfo: /Users/andrzejfricze/jotai-todos/src 1 undefined Project: /Users/andrzejfricze/jotai-todos/tsconfig.json WatchType: Failed Lookup Locations
Info 81   [13:47:37.721] DirectoryWatcher:: Triggered with /users/andrzejfricze/jotai-todos/node_modules/.cache/babel-loader/5b80af3bd850cb645b5eb8200a7e2b34.json :: WatchInfo: /users/andrzejfricze/jotai-todos/node_modules 1 undefined WatchType: node_modules for closed script infos and package.jsons affecting module specifier cache
Info 82   [13:47:37.721] Elapsed:: 0.022290945053100586ms DirectoryWatcher:: Triggered with /users/andrzejfricze/jotai-todos/node_modules/.cache/babel-loader/5b80af3bd850cb645b5eb8200a7e2b34.json :: WatchInfo: /users/andrzejfricze/jotai-todos/node_modules 1 undefined WatchType: node_modules for closed script infos and package.jsons affecting module specifier cache
Info 83   [13:47:37.722] DirectoryWatcher:: Triggered with /Users/andrzejfricze/jotai-todos/node_modules/.cache/babel-loader/5b80af3bd850cb645b5eb8200a7e2b34.json :: WatchInfo: /Users/andrzejfricze/jotai-todos/node_modules 1 undefined Project: /Users/andrzejfricze/jotai-todos/tsconfig.json WatchType: Failed Lookup Locations
Info 84   [13:47:37.722] Elapsed:: 0.04433393478393555ms DirectoryWatcher:: Triggered with /Users/andrzejfricze/jotai-todos/node_modules/.cache/babel-loader/5b80af3bd850cb645b5eb8200a7e2b34.json :: WatchInfo: /Users/andrzejfricze/jotai-todos/node_modules 1 undefined Project: /Users/andrzejfricze/jotai-todos/tsconfig.json WatchType: Failed Lookup Locations
